<?xml version="1.0" encoding="UTF-8"?>
<testng-results ignored="0" total="1" passed="1" failed="0" skipped="0">
  <reporter-output>
  </reporter-output>
  <suite started-at="2024-06-03T16:43:17 IST" name="Default suite" finished-at="2024-06-03T16:43:18 IST" duration-ms="1809">
    <groups>
    </groups>
    <test started-at="2024-06-03T16:43:17 IST" name="Default test" finished-at="2024-06-03T16:43:18 IST" duration-ms="1809">
      <class name="files.Sumvalidation">
        <test-method signature="SumCourses()[pri:0, instance:files.Sumvalidation@47d9a273]" started-at="2024-06-03T16:43:17 IST" name="SumCourses" finished-at="2024-06-03T16:43:18 IST" duration-ms="1720" status="PASS">
          <reporter-output>
          </reporter-output>
        </test-method> <!-- SumCourses -->
      </class> <!-- files.Sumvalidation -->
    </test> <!-- Default test -->
  </suite> <!-- Default suite -->
</testng-results>
